<?xml version="1.0" encoding="UTF-8" ?>
<testsuite tests="24" failures="2" name="TestSuite" time="19.665" errors="0" skipped="2">
  <properties>
[...]
</properties>
  <testcase classname="com.Admin.QA.test.AddusersPageTest" name="addUserPlaceholders" time="0.137"/>
  <testcase classname="com.Admin.QA.test.DashboardPageTest" name="verifyDashboardTitle" time="0.018"/>
  <testcase classname="com.Admin.QA.test.LoginPageTest" name="loginPagetitle" time="0.009"/>
  <testcase classname="com.Admin.QA.test.RegistrationPageTest" name="verifyPageTitle" time="0.266"/>
  <testcase classname="com.Admin.QA.test.UsersPageTest" name="ValidateUsersTable" time="0.899"/>
  <testcase classname="com.Admin.QA.test.AddusersPageTest" name="adduserErrors" time="1.076">
    <skipped/>
  </testcase>
  <testcase classname="com.Admin.QA.test.DashboardPageTest" name="validateUsersLink" time="0.358"/>
  <testcase classname="com.Admin.QA.test.LoginPageTest" name="loginpageSubTitle" time="0.502"/>
  <testcase classname="com.Admin.QA.test.RegistrationPageTest" name="verifySubTitle" time="0.041"/>
  <testcase classname="com.Admin.QA.test.AddusersPageTest" name="validateCancelBtn" time="0.272"/>
  <testcase classname="com.Admin.QA.test.DashboardPageTest" name="validateOperatorLink" time="0.588"/>
  <testcase classname="com.Admin.QA.test.LoginPageTest" name="email_placeholder" time="0.452"/>
  <testcase classname="com.Admin.QA.test.RegistrationPageTest" name="verifyLabel" time="0.076">
    <failure message="expected [Register a new membershi] but found [Register a new membership]" type="java.lang.AssertionError">java.lang.AssertionError: expected [Register a new membershi] but found [Register a new membership]
	at org.testng.Assert.fail(Assert.java:94)
	at org.testng.Assert.failNotEquals(Assert.java:494)
	at org.testng.Assert.assertEquals(Assert.java:123)
	at org.testng.Assert.assertEquals(Assert.java:176)
	at org.testng.Assert.assertEquals(Assert.java:186)
	at com.Admin.QA.test.RegistrationPageTest.verifyLabel(RegistrationPageTest.java:49)
</failure>
    <system-err>java.lang.NullPointerException
	at com.Admin.QA.Util.TestUtil.tearDown1(TestUtil.java:102)
	at com.Admin.QA.test.LoginPageTest.tearDown(LoginPageTest.java:120)
	at sun.reflect.NativeMethodAccessorImpl.invoke0(Native Method)
	at sun.reflect.NativeMethodAccessorImpl.invoke(NativeMethodAccessorImpl.java:62)
	at sun.reflect.DelegatingMethodAccessorImpl.invoke(DelegatingMethodAccessorImpl.java:43)
	at java.lang.reflect.Method.invoke(Method.java:498)
	at org.testng.internal.MethodInvocationHelper.invokeMethod(MethodInvocationHelper.java:80)
	at org.testng.internal.Invoker.invokeConfigurationMethod(Invoker.java:564)
	at org.testng.internal.Invoker.invokeConfigurations(Invoker.java:213)
	at org.testng.internal.Invoker.invokeMethod(Invoker.java:786)
	at org.testng.internal.Invoker.invokeTestMethod(Invoker.java:901)
	at org.testng.internal.Invoker.invokeTestMethods(Invoker.java:1231)
	at org.testng.internal.TestMethodWorker.invokeTestMethods(TestMethodWorker.java:127)
	at org.testng.internal.TestMethodWorker.run(TestMethodWorker.java:111)
	at org.testng.TestRunner.privateRun(TestRunner.java:767)
	at org.testng.TestRunner.run(TestRunner.java:617)
	at org.testng.SuiteRunner.runTest(SuiteRunner.java:334)
	at org.testng.SuiteRunner.runSequentially(SuiteRunner.java:329)
	at org.testng.SuiteRunner.privateRun(SuiteRunner.java:291)
	at org.testng.SuiteRunner.run(SuiteRunner.java:240)
	at org.testng.SuiteRunnerWorker.runSuite(SuiteRunnerWorker.java:52)
	at org.testng.SuiteRunnerWorker.run(SuiteRunnerWorker.java:86)
	at org.testng.TestNG.runSuitesSequentially(TestNG.java:1198)
	at org.testng.TestNG.runSuitesLocally(TestNG.java:1123)
	at org.testng.TestNG.run(TestNG.java:1031)
	at org.apache.maven.surefire.testng.TestNGExecutor.run(TestNGExecutor.java:77)
	at org.apache.maven.surefire.testng.TestNGDirectoryTestSuite.executeMulti(TestNGDirectoryTestSuite.java:159)
	at org.apache.maven.surefire.testng.TestNGDirectoryTestSuite.execute(TestNGDirectoryTestSuite.java:99)
	at org.apache.maven.surefire.testng.TestNGProvider.invoke(TestNGProvider.java:106)
	at sun.reflect.NativeMethodAccessorImpl.invoke0(Native Method)
	at sun.reflect.NativeMethodAccessorImpl.invoke(NativeMethodAccessorImpl.java:62)
	at sun.reflect.DelegatingMethodAccessorImpl.invoke(DelegatingMethodAccessorImpl.java:43)
	at java.lang.reflect.Method.invoke(Method.java:498)
	at org.apache.maven.surefire.util.ReflectionUtils.invokeMethodWithArray(ReflectionUtils.java:189)
	at org.apache.maven.surefire.booter.ProviderFactory$ProviderProxy.invoke(ProviderFactory.java:165)
	at org.apache.maven.surefire.booter.ProviderFactory.invokeProvider(ProviderFactory.java:85)
	at org.apache.maven.surefire.booter.ForkedBooter.runSuitesInProcess(ForkedBooter.java:115)
	at org.apache.maven.surefire.booter.ForkedBooter.main(ForkedBooter.java:75)
Oct 30, 2018 5:24:24 PM org.openqa.selenium.remote.ProtocolHandshake createSession
INFO: Attempting bi-dialect session, assuming Postel&apos;s Law holds true on the remote end
Oct 30, 2018 5:24:25 PM org.openqa.selenium.remote.ProtocolHandshake createSession
INFO: Detected dialect: OSS
</system-err>
  </testcase>
  <testcase classname="com.Admin.QA.test.DashboardPageTest" name="validateCopyright" time="0.05"/>
  <testcase classname="com.Admin.QA.test.LoginPageTest" name="password_placeholder" time="0.222"/>
  <testcase classname="com.Admin.QA.test.RegistrationPageTest" name="verifyPaceholders" time="0.077">
    <failure message="The following asserts failed:
null" type="java.lang.AssertionError">java.lang.AssertionError: The following asserts failed:
null
	at org.testng.asserts.SoftAssert.assertAll(SoftAssert.java:37)
	at com.Admin.QA.test.RegistrationPageTest.verifyPaceholders(RegistrationPageTest.java:69)
</failure>
    <system-err>java.lang.NullPointerException
	at com.Admin.QA.Util.TestUtil.tearDown1(TestUtil.java:102)
	at com.Admin.QA.test.LoginPageTest.tearDown(LoginPageTest.java:120)
	at sun.reflect.NativeMethodAccessorImpl.invoke0(Native Method)
	at sun.reflect.NativeMethodAccessorImpl.invoke(NativeMethodAccessorImpl.java:62)
	at sun.reflect.DelegatingMethodAccessorImpl.invoke(DelegatingMethodAccessorImpl.java:43)
	at java.lang.reflect.Method.invoke(Method.java:498)
	at org.testng.internal.MethodInvocationHelper.invokeMethod(MethodInvocationHelper.java:80)
	at org.testng.internal.Invoker.invokeConfigurationMethod(Invoker.java:564)
	at org.testng.internal.Invoker.invokeConfigurations(Invoker.java:213)
	at org.testng.internal.Invoker.invokeMethod(Invoker.java:786)
	at org.testng.internal.Invoker.invokeTestMethod(Invoker.java:901)
	at org.testng.internal.Invoker.invokeTestMethods(Invoker.java:1231)
	at org.testng.internal.TestMethodWorker.invokeTestMethods(TestMethodWorker.java:127)
	at org.testng.internal.TestMethodWorker.run(TestMethodWorker.java:111)
	at org.testng.TestRunner.privateRun(TestRunner.java:767)
	at org.testng.TestRunner.run(TestRunner.java:617)
	at org.testng.SuiteRunner.runTest(SuiteRunner.java:334)
	at org.testng.SuiteRunner.runSequentially(SuiteRunner.java:329)
	at org.testng.SuiteRunner.privateRun(SuiteRunner.java:291)
	at org.testng.SuiteRunner.run(SuiteRunner.java:240)
	at org.testng.SuiteRunnerWorker.runSuite(SuiteRunnerWorker.java:52)
	at org.testng.SuiteRunnerWorker.run(SuiteRunnerWorker.java:86)
	at org.testng.TestNG.runSuitesSequentially(TestNG.java:1198)
	at org.testng.TestNG.runSuitesLocally(TestNG.java:1123)
	at org.testng.TestNG.run(TestNG.java:1031)
	at org.apache.maven.surefire.testng.TestNGExecutor.run(TestNGExecutor.java:77)
	at org.apache.maven.surefire.testng.TestNGDirectoryTestSuite.executeMulti(TestNGDirectoryTestSuite.java:159)
	at org.apache.maven.surefire.testng.TestNGDirectoryTestSuite.execute(TestNGDirectoryTestSuite.java:99)
	at org.apache.maven.surefire.testng.TestNGProvider.invoke(TestNGProvider.java:106)
	at sun.reflect.NativeMethodAccessorImpl.invoke0(Native Method)
	at sun.reflect.NativeMethodAccessorImpl.invoke(NativeMethodAccessorImpl.java:62)
	at sun.reflect.DelegatingMethodAccessorImpl.invoke(DelegatingMethodAccessorImpl.java:43)
	at java.lang.reflect.Method.invoke(Method.java:498)
	at org.apache.maven.surefire.util.ReflectionUtils.invokeMethodWithArray(ReflectionUtils.java:189)
	at org.apache.maven.surefire.booter.ProviderFactory$ProviderProxy.invoke(ProviderFactory.java:165)
	at org.apache.maven.surefire.booter.ProviderFactory.invokeProvider(ProviderFactory.java:85)
	at org.apache.maven.surefire.booter.ForkedBooter.runSuitesInProcess(ForkedBooter.java:115)
	at org.apache.maven.surefire.booter.ForkedBooter.main(ForkedBooter.java:75)
Oct 30, 2018 5:25:23 PM org.openqa.selenium.remote.ProtocolHandshake createSession
INFO: Attempting bi-dialect session, assuming Postel&apos;s Law holds true on the remote end
Oct 30, 2018 5:25:23 PM org.openqa.selenium.remote.ProtocolHandshake createSession
INFO: Detected dialect: OSS
</system-err>
  </testcase>
  <testcase classname="com.Admin.QA.test.DashboardPageTest" name="validateVersion" time="0.183"/>
  <testcase classname="com.Admin.QA.test.LoginPageTest" name="verifyloginPageTextBox" time="0.206">
    <skipped/>
    <system-out>[Ljava.lang.StackTraceElement;@3899782c
</system-out>
  </testcase>
  <testcase classname="com.Admin.QA.test.RegistrationPageTest" name="verifyErrorMsg" time="0.326"/>
  <testcase classname="com.Admin.QA.test.DashboardPageTest" name="validateMenu" time="0"/>
  <testcase classname="com.Admin.QA.test.LoginPageTest" name="veryfylogin" time="3.346"/>
  <testcase classname="com.Admin.QA.test.RegistrationPageTest" name="verifyRegistration" time="9.902"/>
  <testcase classname="com.Admin.QA.test.LoginPageTest" name="verifyRegLink" time="0.449"/>
  <testcase classname="com.Admin.QA.test.RegistrationPageTest" name="verifyAlreadyMembersLink" time="0.21"/>
</testsuite>